<?xml version="1.0" encoding="UTF-8"?>
<Site BuildName="Win32-MSBuild"
	BuildStamp="20250617-0653-Experimental"
	Name="DARR"
	Generator="ctest-3.31.0"
	CompilerName="C:/Program Files (x86)/Microsoft Visual Studio/2022/BuildTools/VC/Tools/MSVC/14.36.32532/bin/Hostx64/x64/cl.exe"
	CompilerVersion="19.36.32535.0"
	OSName="Windows"
	Hostname="DARR"
	OSRelease=" Professional"
	OSVersion=" (Build 22631)"
	OSPlatform="AMD64"
	Is64Bits="1"
	VendorString="AuthenticAMD"
	VendorID="Advanced Micro Devices"
	FamilyID="15"
	ModelID="0"
	ModelName="AMD Ryzen 7 5700G with Radeon Graphics         "
	ProcessorCacheSize="64"
	NumberOfLogicalCPU="16"
	NumberOfPhysicalCPU="8"
	TotalVirtualMemory="30279"
	TotalPhysicalMemory="24368"
	LogicalProcessorsPerPhysical="2"
	ProcessorClockFrequency="4299"
	>
	<Testing>
		<StartDateTime>Jun 17 14:24 Hora est[NON-UTF-8-BYTE-0xE1]ndar central (M[NON-UTF-8-BYTE-0xE9]xico)</StartDateTime>
		<StartTestTime>1750191884</StartTestTime>
		<TestList/>
		<EndDateTime>Jun 17 14:24 Hora est[NON-UTF-8-BYTE-0xE1]ndar central (M[NON-UTF-8-BYTE-0xE9]xico)</EndDateTime>
		<EndTestTime>1750191884</EndTestTime>
		<ElapsedMinutes>0</ElapsedMinutes>
	</Testing>
</Site>
